<?xml version="1.0" encoding="UTF-8"?>
<testsuite xmlns:xsi="http://www.w3.org/2001/XMLSchema-instance" xsi:noNamespaceSchemaLocation="https://maven.apache.org/surefire/maven-surefire-plugin/xsd/surefire-test-report-3.0.xsd" version="3.0" name="fliptest.RunCucumberTest" time="47.349" tests="8" errors="0" skipped="7" failures="0">
  <properties>
    <property name="gopherProxySet" value="false"/>
    <property name="awt.toolkit" value="sun.lwawt.macosx.LWCToolkit"/>
    <property name="file.encoding.pkg" value="sun.io"/>
    <property name="java.specification.version" value="1.8"/>
    <property name="sun.cpu.isalist" value=""/>
    <property name="sun.jnu.encoding" value="UTF-8"/>
    <property name="java.class.path" value="/Users/koryanggraeni/test/fliptest/target/test-classes:/Users/koryanggraeni/test/fliptest/target/classes:/Users/koryanggraeni/.m2/repository/io/cucumber/cucumber-java/7.5.0/cucumber-java-7.5.0.jar:/Users/koryanggraeni/.m2/repository/io/cucumber/cucumber-core/7.5.0/cucumber-core-7.5.0.jar:/Users/koryanggraeni/.m2/repository/io/cucumber/cucumber-gherkin/7.5.0/cucumber-gherkin-7.5.0.jar:/Users/koryanggraeni/.m2/repository/io/cucumber/cucumber-gherkin-messages/7.5.0/cucumber-gherkin-messages-7.5.0.jar:/Users/koryanggraeni/.m2/repository/io/cucumber/gherkin/23.0.1/gherkin-23.0.1.jar:/Users/koryanggraeni/.m2/repository/io/cucumber/messages/18.0.0/messages-18.0.0.jar:/Users/koryanggraeni/.m2/repository/io/cucumber/tag-expressions/4.1.0/tag-expressions-4.1.0.jar:/Users/koryanggraeni/.m2/repository/io/cucumber/cucumber-expressions/16.0.0/cucumber-expressions-16.0.0.jar:/Users/koryanggraeni/.m2/repository/io/cucumber/datatable/7.5.0/datatable-7.5.0.jar:/Users/koryanggraeni/.m2/repository/io/cucumber/cucumber-plugin/7.5.0/cucumber-plugin-7.5.0.jar:/Users/koryanggraeni/.m2/repository/io/cucumber/docstring/7.5.0/docstring-7.5.0.jar:/Users/koryanggraeni/.m2/repository/io/cucumber/html-formatter/19.2.0/html-formatter-19.2.0.jar:/Users/koryanggraeni/.m2/repository/io/cucumber/ci-environment/9.1.0/ci-environment-9.1.0.jar:/Users/koryanggraeni/.m2/repository/org/apiguardian/apiguardian-api/1.1.2/apiguardian-api-1.1.2.jar:/Users/koryanggraeni/.m2/repository/io/cucumber/cucumber-junit-platform-engine/7.5.0/cucumber-junit-platform-engine-7.5.0.jar:/Users/koryanggraeni/.m2/repository/org/junit/platform/junit-platform-engine/1.9.0/junit-platform-engine-1.9.0.jar:/Users/koryanggraeni/.m2/repository/org/opentest4j/opentest4j/1.2.0/opentest4j-1.2.0.jar:/Users/koryanggraeni/.m2/repository/org/junit/platform/junit-platform-commons/1.9.0/junit-platform-commons-1.9.0.jar:/Users/koryanggraeni/.m2/repository/org/junit/platform/junit-platform-suite/1.9.0/junit-platform-suite-1.9.0.jar:/Users/koryanggraeni/.m2/repository/org/junit/platform/junit-platform-suite-api/1.9.0/junit-platform-suite-api-1.9.0.jar:/Users/koryanggraeni/.m2/repository/org/junit/platform/junit-platform-suite-engine/1.9.0/junit-platform-suite-engine-1.9.0.jar:/Users/koryanggraeni/.m2/repository/org/junit/platform/junit-platform-suite-commons/1.9.0/junit-platform-suite-commons-1.9.0.jar:/Users/koryanggraeni/.m2/repository/org/junit/platform/junit-platform-launcher/1.9.0/junit-platform-launcher-1.9.0.jar:/Users/koryanggraeni/.m2/repository/org/junit/jupiter/junit-jupiter/5.9.0/junit-jupiter-5.9.0.jar:/Users/koryanggraeni/.m2/repository/org/junit/jupiter/junit-jupiter-api/5.9.0/junit-jupiter-api-5.9.0.jar:/Users/koryanggraeni/.m2/repository/org/junit/jupiter/junit-jupiter-params/5.9.0/junit-jupiter-params-5.9.0.jar:/Users/koryanggraeni/.m2/repository/org/junit/jupiter/junit-jupiter-engine/5.9.0/junit-jupiter-engine-5.9.0.jar:/Users/koryanggraeni/.m2/repository/io/rest-assured/rest-assured/5.1.0/rest-assured-5.1.0.jar:/Users/koryanggraeni/.m2/repository/org/apache/groovy/groovy/4.0.1/groovy-4.0.1.jar:/Users/koryanggraeni/.m2/repository/org/apache/groovy/groovy-xml/4.0.1/groovy-xml-4.0.1.jar:/Users/koryanggraeni/.m2/repository/org/apache/httpcomponents/httpclient/4.5.13/httpclient-4.5.13.jar:/Users/koryanggraeni/.m2/repository/org/apache/httpcomponents/httpmime/4.5.13/httpmime-4.5.13.jar:/Users/koryanggraeni/.m2/repository/org/hamcrest/hamcrest/2.1/hamcrest-2.1.jar:/Users/koryanggraeni/.m2/repository/org/ccil/cowan/tagsoup/tagsoup/1.2.1/tagsoup-1.2.1.jar:/Users/koryanggraeni/.m2/repository/io/rest-assured/json-path/5.1.0/json-path-5.1.0.jar:/Users/koryanggraeni/.m2/repository/org/apache/groovy/groovy-json/4.0.1/groovy-json-4.0.1.jar:/Users/koryanggraeni/.m2/repository/io/rest-assured/rest-assured-common/5.1.0/rest-assured-common-5.1.0.jar:/Users/koryanggraeni/.m2/repository/io/rest-assured/xml-path/5.1.0/xml-path-5.1.0.jar:/Users/koryanggraeni/.m2/repository/org/apache/commons/commons-lang3/3.11/commons-lang3-3.11.jar:/Users/koryanggraeni/.m2/repository/com/jayway/jsonpath/json-path/2.4.0/json-path-2.4.0.jar:/Users/koryanggraeni/.m2/repository/net/minidev/json-smart/2.3/json-smart-2.3.jar:/Users/koryanggraeni/.m2/repository/net/minidev/accessors-smart/1.2/accessors-smart-1.2.jar:/Users/koryanggraeni/.m2/repository/org/ow2/asm/asm/5.0.4/asm-5.0.4.jar:/Users/koryanggraeni/.m2/repository/org/slf4j/slf4j-api/1.7.25/slf4j-api-1.7.25.jar:/Users/koryanggraeni/.m2/repository/com/fasterxml/jackson/datatype/jackson-datatype-jsr310/2.6.0/jackson-datatype-jsr310-2.6.0.jar:/Users/koryanggraeni/.m2/repository/com/fasterxml/jackson/core/jackson-core/2.6.0/jackson-core-2.6.0.jar:/Users/koryanggraeni/.m2/repository/com/fasterxml/jackson/core/jackson-databind/2.6.0/jackson-databind-2.6.0.jar:/Users/koryanggraeni/.m2/repository/com/fasterxml/jackson/core/jackson-annotations/2.6.0/jackson-annotations-2.6.0.jar:/Users/koryanggraeni/.m2/repository/org/seleniumhq/selenium/selenium-api/3.14.0/selenium-api-3.14.0.jar:/Users/koryanggraeni/.m2/repository/org/seleniumhq/selenium/selenium-chrome-driver/3.11.0/selenium-chrome-driver-3.11.0.jar:/Users/koryanggraeni/.m2/repository/org/seleniumhq/selenium/selenium-remote-driver/3.11.0/selenium-remote-driver-3.11.0.jar:/Users/koryanggraeni/.m2/repository/net/bytebuddy/byte-buddy/1.7.9/byte-buddy-1.7.9.jar:/Users/koryanggraeni/.m2/repository/org/apache/commons/commons-exec/1.3/commons-exec-1.3.jar:/Users/koryanggraeni/.m2/repository/commons-codec/commons-codec/1.10/commons-codec-1.10.jar:/Users/koryanggraeni/.m2/repository/commons-logging/commons-logging/1.2/commons-logging-1.2.jar:/Users/koryanggraeni/.m2/repository/com/google/code/gson/gson/2.8.2/gson-2.8.2.jar:/Users/koryanggraeni/.m2/repository/com/google/guava/guava/23.6-jre/guava-23.6-jre.jar:/Users/koryanggraeni/.m2/repository/com/google/code/findbugs/jsr305/1.3.9/jsr305-1.3.9.jar:/Users/koryanggraeni/.m2/repository/org/checkerframework/checker-compat-qual/2.0.0/checker-compat-qual-2.0.0.jar:/Users/koryanggraeni/.m2/repository/com/google/errorprone/error_prone_annotations/2.1.3/error_prone_annotations-2.1.3.jar:/Users/koryanggraeni/.m2/repository/com/google/j2objc/j2objc-annotations/1.1/j2objc-annotations-1.1.jar:/Users/koryanggraeni/.m2/repository/org/codehaus/mojo/animal-sniffer-annotations/1.14/animal-sniffer-annotations-1.14.jar:/Users/koryanggraeni/.m2/repository/org/apache/httpcomponents/httpcore/4.4.6/httpcore-4.4.6.jar:/Users/koryanggraeni/.m2/repository/com/squareup/okhttp3/okhttp/3.9.1/okhttp-3.9.1.jar:/Users/koryanggraeni/.m2/repository/com/squareup/okio/okio/1.13.0/okio-1.13.0.jar:/Users/koryanggraeni/.m2/repository/org/seleniumhq/selenium/selenium-support/3.14.0/selenium-support-3.14.0.jar:"/>
    <property name="java.vm.vendor" value="Oracle Corporation"/>
    <property name="sun.arch.data.model" value="64"/>
    <property name="java.vendor.url" value="http://java.oracle.com/"/>
    <property name="user.timezone" value="Asia/Jakarta"/>
    <property name="java.vm.specification.version" value="1.8"/>
    <property name="os.name" value="Mac OS X"/>
    <property name="user.country" value="ID"/>
    <property name="sun.java.launcher" value="SUN_STANDARD"/>
    <property name="sun.boot.library.path" value="/Library/Java/JavaVirtualMachines/jdk1.8.0_321.jdk/Contents/Home/jre/lib"/>
    <property name="sun.java.command" value="/Users/koryanggraeni/test/fliptest/target/surefire/surefirebooter-20221004161626575_3.jar /Users/koryanggraeni/test/fliptest/target/surefire 2022-10-04T16-16-25_962-jvmRun1 surefire-20221004161626575_1tmp surefire_0-20221004161626575_2tmp"/>
    <property name="http.nonProxyHosts" value="local|*.local|169.254/16|*.169.254/16"/>
    <property name="surefire.test.class.path" value="/Users/koryanggraeni/test/fliptest/target/test-classes:/Users/koryanggraeni/test/fliptest/target/classes:/Users/koryanggraeni/.m2/repository/io/cucumber/cucumber-java/7.5.0/cucumber-java-7.5.0.jar:/Users/koryanggraeni/.m2/repository/io/cucumber/cucumber-core/7.5.0/cucumber-core-7.5.0.jar:/Users/koryanggraeni/.m2/repository/io/cucumber/cucumber-gherkin/7.5.0/cucumber-gherkin-7.5.0.jar:/Users/koryanggraeni/.m2/repository/io/cucumber/cucumber-gherkin-messages/7.5.0/cucumber-gherkin-messages-7.5.0.jar:/Users/koryanggraeni/.m2/repository/io/cucumber/gherkin/23.0.1/gherkin-23.0.1.jar:/Users/koryanggraeni/.m2/repository/io/cucumber/messages/18.0.0/messages-18.0.0.jar:/Users/koryanggraeni/.m2/repository/io/cucumber/tag-expressions/4.1.0/tag-expressions-4.1.0.jar:/Users/koryanggraeni/.m2/repository/io/cucumber/cucumber-expressions/16.0.0/cucumber-expressions-16.0.0.jar:/Users/koryanggraeni/.m2/repository/io/cucumber/datatable/7.5.0/datatable-7.5.0.jar:/Users/koryanggraeni/.m2/repository/io/cucumber/cucumber-plugin/7.5.0/cucumber-plugin-7.5.0.jar:/Users/koryanggraeni/.m2/repository/io/cucumber/docstring/7.5.0/docstring-7.5.0.jar:/Users/koryanggraeni/.m2/repository/io/cucumber/html-formatter/19.2.0/html-formatter-19.2.0.jar:/Users/koryanggraeni/.m2/repository/io/cucumber/ci-environment/9.1.0/ci-environment-9.1.0.jar:/Users/koryanggraeni/.m2/repository/org/apiguardian/apiguardian-api/1.1.2/apiguardian-api-1.1.2.jar:/Users/koryanggraeni/.m2/repository/io/cucumber/cucumber-junit-platform-engine/7.5.0/cucumber-junit-platform-engine-7.5.0.jar:/Users/koryanggraeni/.m2/repository/org/junit/platform/junit-platform-engine/1.9.0/junit-platform-engine-1.9.0.jar:/Users/koryanggraeni/.m2/repository/org/opentest4j/opentest4j/1.2.0/opentest4j-1.2.0.jar:/Users/koryanggraeni/.m2/repository/org/junit/platform/junit-platform-commons/1.9.0/junit-platform-commons-1.9.0.jar:/Users/koryanggraeni/.m2/repository/org/junit/platform/junit-platform-suite/1.9.0/junit-platform-suite-1.9.0.jar:/Users/koryanggraeni/.m2/repository/org/junit/platform/junit-platform-suite-api/1.9.0/junit-platform-suite-api-1.9.0.jar:/Users/koryanggraeni/.m2/repository/org/junit/platform/junit-platform-suite-engine/1.9.0/junit-platform-suite-engine-1.9.0.jar:/Users/koryanggraeni/.m2/repository/org/junit/platform/junit-platform-suite-commons/1.9.0/junit-platform-suite-commons-1.9.0.jar:/Users/koryanggraeni/.m2/repository/org/junit/platform/junit-platform-launcher/1.9.0/junit-platform-launcher-1.9.0.jar:/Users/koryanggraeni/.m2/repository/org/junit/jupiter/junit-jupiter/5.9.0/junit-jupiter-5.9.0.jar:/Users/koryanggraeni/.m2/repository/org/junit/jupiter/junit-jupiter-api/5.9.0/junit-jupiter-api-5.9.0.jar:/Users/koryanggraeni/.m2/repository/org/junit/jupiter/junit-jupiter-params/5.9.0/junit-jupiter-params-5.9.0.jar:/Users/koryanggraeni/.m2/repository/org/junit/jupiter/junit-jupiter-engine/5.9.0/junit-jupiter-engine-5.9.0.jar:/Users/koryanggraeni/.m2/repository/io/rest-assured/rest-assured/5.1.0/rest-assured-5.1.0.jar:/Users/koryanggraeni/.m2/repository/org/apache/groovy/groovy/4.0.1/groovy-4.0.1.jar:/Users/koryanggraeni/.m2/repository/org/apache/groovy/groovy-xml/4.0.1/groovy-xml-4.0.1.jar:/Users/koryanggraeni/.m2/repository/org/apache/httpcomponents/httpclient/4.5.13/httpclient-4.5.13.jar:/Users/koryanggraeni/.m2/repository/org/apache/httpcomponents/httpmime/4.5.13/httpmime-4.5.13.jar:/Users/koryanggraeni/.m2/repository/org/hamcrest/hamcrest/2.1/hamcrest-2.1.jar:/Users/koryanggraeni/.m2/repository/org/ccil/cowan/tagsoup/tagsoup/1.2.1/tagsoup-1.2.1.jar:/Users/koryanggraeni/.m2/repository/io/rest-assured/json-path/5.1.0/json-path-5.1.0.jar:/Users/koryanggraeni/.m2/repository/org/apache/groovy/groovy-json/4.0.1/groovy-json-4.0.1.jar:/Users/koryanggraeni/.m2/repository/io/rest-assured/rest-assured-common/5.1.0/rest-assured-common-5.1.0.jar:/Users/koryanggraeni/.m2/repository/io/rest-assured/xml-path/5.1.0/xml-path-5.1.0.jar:/Users/koryanggraeni/.m2/repository/org/apache/commons/commons-lang3/3.11/commons-lang3-3.11.jar:/Users/koryanggraeni/.m2/repository/com/jayway/jsonpath/json-path/2.4.0/json-path-2.4.0.jar:/Users/koryanggraeni/.m2/repository/net/minidev/json-smart/2.3/json-smart-2.3.jar:/Users/koryanggraeni/.m2/repository/net/minidev/accessors-smart/1.2/accessors-smart-1.2.jar:/Users/koryanggraeni/.m2/repository/org/ow2/asm/asm/5.0.4/asm-5.0.4.jar:/Users/koryanggraeni/.m2/repository/org/slf4j/slf4j-api/1.7.25/slf4j-api-1.7.25.jar:/Users/koryanggraeni/.m2/repository/com/fasterxml/jackson/datatype/jackson-datatype-jsr310/2.6.0/jackson-datatype-jsr310-2.6.0.jar:/Users/koryanggraeni/.m2/repository/com/fasterxml/jackson/core/jackson-core/2.6.0/jackson-core-2.6.0.jar:/Users/koryanggraeni/.m2/repository/com/fasterxml/jackson/core/jackson-databind/2.6.0/jackson-databind-2.6.0.jar:/Users/koryanggraeni/.m2/repository/com/fasterxml/jackson/core/jackson-annotations/2.6.0/jackson-annotations-2.6.0.jar:/Users/koryanggraeni/.m2/repository/org/seleniumhq/selenium/selenium-api/3.14.0/selenium-api-3.14.0.jar:/Users/koryanggraeni/.m2/repository/org/seleniumhq/selenium/selenium-chrome-driver/3.11.0/selenium-chrome-driver-3.11.0.jar:/Users/koryanggraeni/.m2/repository/org/seleniumhq/selenium/selenium-remote-driver/3.11.0/selenium-remote-driver-3.11.0.jar:/Users/koryanggraeni/.m2/repository/net/bytebuddy/byte-buddy/1.7.9/byte-buddy-1.7.9.jar:/Users/koryanggraeni/.m2/repository/org/apache/commons/commons-exec/1.3/commons-exec-1.3.jar:/Users/koryanggraeni/.m2/repository/commons-codec/commons-codec/1.10/commons-codec-1.10.jar:/Users/koryanggraeni/.m2/repository/commons-logging/commons-logging/1.2/commons-logging-1.2.jar:/Users/koryanggraeni/.m2/repository/com/google/code/gson/gson/2.8.2/gson-2.8.2.jar:/Users/koryanggraeni/.m2/repository/com/google/guava/guava/23.6-jre/guava-23.6-jre.jar:/Users/koryanggraeni/.m2/repository/com/google/code/findbugs/jsr305/1.3.9/jsr305-1.3.9.jar:/Users/koryanggraeni/.m2/repository/org/checkerframework/checker-compat-qual/2.0.0/checker-compat-qual-2.0.0.jar:/Users/koryanggraeni/.m2/repository/com/google/errorprone/error_prone_annotations/2.1.3/error_prone_annotations-2.1.3.jar:/Users/koryanggraeni/.m2/repository/com/google/j2objc/j2objc-annotations/1.1/j2objc-annotations-1.1.jar:/Users/koryanggraeni/.m2/repository/org/codehaus/mojo/animal-sniffer-annotations/1.14/animal-sniffer-annotations-1.14.jar:/Users/koryanggraeni/.m2/repository/org/apache/httpcomponents/httpcore/4.4.6/httpcore-4.4.6.jar:/Users/koryanggraeni/.m2/repository/com/squareup/okhttp3/okhttp/3.9.1/okhttp-3.9.1.jar:/Users/koryanggraeni/.m2/repository/com/squareup/okio/okio/1.13.0/okio-1.13.0.jar:/Users/koryanggraeni/.m2/repository/org/seleniumhq/selenium/selenium-support/3.14.0/selenium-support-3.14.0.jar:"/>
    <property name="sun.cpu.endian" value="little"/>
    <property name="user.home" value="/Users/koryanggraeni"/>
    <property name="user.language" value="en"/>
    <property name="java.specification.vendor" value="Oracle Corporation"/>
    <property name="java.home" value="/Library/Java/JavaVirtualMachines/jdk1.8.0_321.jdk/Contents/Home/jre"/>
    <property name="basedir" value="/Users/koryanggraeni/test/fliptest"/>
    <property name="file.separator" value="/"/>
    <property name="line.separator" value="&#10;"/>
    <property name="java.vm.specification.vendor" value="Oracle Corporation"/>
    <property name="java.specification.name" value="Java Platform API Specification"/>
    <property name="java.awt.graphicsenv" value="sun.awt.CGraphicsEnvironment"/>
    <property name="surefire.real.class.path" value="/Users/koryanggraeni/test/fliptest/target/surefire/surefirebooter-20221004161626575_3.jar"/>
    <property name="sun.boot.class.path" value="/Library/Java/JavaVirtualMachines/jdk1.8.0_321.jdk/Contents/Home/jre/lib/resources.jar:/Library/Java/JavaVirtualMachines/jdk1.8.0_321.jdk/Contents/Home/jre/lib/rt.jar:/Library/Java/JavaVirtualMachines/jdk1.8.0_321.jdk/Contents/Home/jre/lib/sunrsasign.jar:/Library/Java/JavaVirtualMachines/jdk1.8.0_321.jdk/Contents/Home/jre/lib/jsse.jar:/Library/Java/JavaVirtualMachines/jdk1.8.0_321.jdk/Contents/Home/jre/lib/jce.jar:/Library/Java/JavaVirtualMachines/jdk1.8.0_321.jdk/Contents/Home/jre/lib/charsets.jar:/Library/Java/JavaVirtualMachines/jdk1.8.0_321.jdk/Contents/Home/jre/lib/jfr.jar:/Library/Java/JavaVirtualMachines/jdk1.8.0_321.jdk/Contents/Home/jre/classes"/>
    <property name="sun.management.compiler" value="HotSpot 64-Bit Tiered Compilers"/>
    <property name="ftp.nonProxyHosts" value="local|*.local|169.254/16|*.169.254/16"/>
    <property name="java.runtime.version" value="1.8.0_321-b07"/>
    <property name="user.name" value="koryanggraeni"/>
    <property name="path.separator" value=":"/>
    <property name="os.version" value="12.4"/>
    <property name="java.endorsed.dirs" value="/Library/Java/JavaVirtualMachines/jdk1.8.0_321.jdk/Contents/Home/jre/lib/endorsed"/>
    <property name="java.runtime.name" value="Java(TM) SE Runtime Environment"/>
    <property name="file.encoding" value="UTF-8"/>
    <property name="java.vm.name" value="Java HotSpot(TM) 64-Bit Server VM"/>
    <property name="localRepository" value="/Users/koryanggraeni/.m2/repository"/>
    <property name="java.vendor.url.bug" value="http://bugreport.sun.com/bugreport/"/>
    <property name="java.io.tmpdir" value="/var/folders/6h/v7xjf0bn4y341rx9pz3022z00000gn/T/"/>
    <property name="cucumber.filter.tags" value="@verify_calculation_exchange"/>
    <property name="java.version" value="1.8.0_321"/>
    <property name="user.dir" value="/Users/koryanggraeni/test/fliptest"/>
    <property name="os.arch" value="x86_64"/>
    <property name="java.vm.specification.name" value="Java Virtual Machine Specification"/>
    <property name="java.awt.printerjob" value="sun.lwawt.macosx.CPrinterJob"/>
    <property name="sun.os.patch.level" value="unknown"/>
    <property name="java.library.path" value="/Users/koryanggraeni/Library/Java/Extensions:/Library/Java/Extensions:/Network/Library/Java/Extensions:/System/Library/Java/Extensions:/usr/lib/java:."/>
    <property name="java.vm.info" value="mixed mode"/>
    <property name="java.vendor" value="Oracle Corporation"/>
    <property name="java.vm.version" value="25.321-b07"/>
    <property name="java.ext.dirs" value="/Users/koryanggraeni/Library/Java/Extensions:/Library/Java/JavaVirtualMachines/jdk1.8.0_321.jdk/Contents/Home/jre/lib/ext:/Library/Java/Extensions:/Network/Library/Java/Extensions:/System/Library/Java/Extensions:/usr/lib/java"/>
    <property name="sun.io.unicode.encoding" value="UnicodeBig"/>
    <property name="java.class.version" value="52.0"/>
    <property name="socksNonProxyHosts" value="local|*.local|169.254/16|*.169.254/16"/>
  </properties>
  <testcase name="GET - /public/v2/todos - verify 20 items" classname="API Test" time="0">
    <skipped message="&apos;cucumber.filter.tags=@verify_calculation_exchange&apos; did not match this scenario"/>
  </testcase>
  <testcase name="GET - /public/v2/todos - verify 20 items" classname="API Test" time="0">
    <skipped message="&apos;cucumber.filter.tags=@verify_calculation_exchange&apos; did not match this scenario"/>
  </testcase>
  <testcase name="GET - /public/v2/todos - verify 20 items" classname="API Test" time="0">
    <skipped message="&apos;cucumber.filter.tags=@verify_calculation_exchange&apos; did not match this scenario"/>
  </testcase>
  <testcase name="GET - /public/v2/todos - verify 20 items" classname="API Test" time="0">
    <skipped message="&apos;cucumber.filter.tags=@verify_calculation_exchange&apos; did not match this scenario"/>
  </testcase>
  <testcase name="Example #1" classname="Examples" time="0">
    <skipped message="&apos;cucumber.filter.tags=@verify_calculation_exchange&apos; did not match this scenario"/>
  </testcase>
  <testcase name="Example #2" classname="Examples" time="0">
    <skipped message="&apos;cucumber.filter.tags=@verify_calculation_exchange&apos; did not match this scenario"/>
  </testcase>
  <testcase name="Verify Provider" classname="Web Test" time="0">
    <skipped message="&apos;cucumber.filter.tags=@verify_calculation_exchange&apos; did not match this scenario"/>
  </testcase>
  <testcase name="Verify Provider" classname="Web Test" time="47.18">
    <system-out><![CDATA[
@testweb @verify_calculation_exchange
Scenario: Verify Provider                           &amp#27;[90m# fliptest/webTest.feature:26&amp#27;[0m
  &amp#27;[32mGiven &amp#27;[0m&amp#27;[32muser visit Filp website&amp#27;[0m                     &amp#27;[90m# fliptest.WebStepDefinitions.userVisitFlipWebsite()&amp#27;[0m
  &amp#27;[32mWhen &amp#27;[0m&amp#27;[32muser visit Flip Globe&amp#27;[0m                        &amp#27;[90m# fliptest.WebStepDefinitions.user_visit_flip_globe()&amp#27;[0m
  &amp#27;[32mAnd &amp#27;[0m&amp#27;[32muser select negara tujuan as &amp#27;[0m&amp#27;[32m&amp#27;[1m"United Kingdom"&amp#27;[0m &amp#27;[90m# fliptest.WebStepDefinitions.user_select_negara_tujuan_as(java.lang.String)&amp#27;[0m
  &amp#27;[32mAnd &amp#27;[0m&amp#27;[32muser fill the nominal IDR &amp#27;[0m&amp#27;[32m&amp#27;[1m"100000"&amp#27;[0m            &amp#27;[90m# fliptest.WebStepDefinitions.user_fill_the_nominal_idr(java.lang.String)&amp#27;[0m
nominal is 100000.0
kurs is 17399.89
total is 5.75
value is 5.75
  &amp#27;[32mThen &amp#27;[0m&amp#27;[32muser verify the nominal GBP is correct&amp#27;[0m       &amp#27;[90m# fliptest.WebStepDefinitions.user_verify_the_nominal_gbp_is_correct()&amp#27;[0m
biaya is 65000
nominal to pay is 165000.0
total is 165000
  &amp#27;[32mAnd &amp#27;[0m&amp#27;[32muser verify the nominal to pay&amp#27;[0m                &amp#27;[90m# fliptest.WebStepDefinitions.user_verify_the_nominal_to_pay()&amp#27;[0m
]]></system-out>
    <system-err><![CDATA[Starting ChromeDriver 106.0.5249.61 (511755355844955cd3e264779baf0dd38212a4d0-refs/branch-heads/5249@{#569}) on port 33143
Only local connections are allowed.
Please see https://chromedriver.chromium.org/security-considerations for suggestions on keeping ChromeDriver safe.
ChromeDriver was started successfully.
Oct 04, 2022 4:16:31 PM org.openqa.selenium.remote.ProtocolHandshake createSession
INFO: Detected dialect: W3C
]]></system-err>
  </testcase>
</testsuite>